<?xml version="1.0" encoding="UTF-8"?>
<testsuite xmlns:xsi="http://www.w3.org/2001/XMLSchema-instance" xsi:noNamespaceSchemaLocation="https://maven.apache.org/surefire/maven-surefire-plugin/xsd/surefire-test-report-3.0.xsd" version="3.0" name="com.showroom.ShowroomTest" time="0.025" tests="23" errors="0" skipped="0" failures="0">
  <properties>
[...]
</properties>
  <testcase name="getAvailableCars_excludesSoldCars" classname="com.showroom.ShowroomTest" time="0.003"/>
  <testcase name="filterByPrice_inclusiveBounds" classname="com.showroom.ShowroomTest" time="0.002"/>
  <testcase name="search_byMakeReturnsMatchingCars" classname="com.showroom.ShowroomTest" time="0.002"/>
  <testcase name="sellCar_marksCarAsUnavailable" classname="com.showroom.ShowroomTest" time="0.0"/>
  <testcase name="addCar_returnsCarWithUniqueId" classname="com.showroom.ShowroomTest" time="0.0"/>
  <testcase name="search_withNullFiltersReturnsAll" classname="com.showroom.ShowroomTest" time="0.001"/>
  <testcase name="sellCar_returnsFalseForNonexistentCar" classname="com.showroom.ShowroomTest" time="0.0"/>
  <testcase name="filterByPrice_returnsCarsinRange" classname="com.showroom.ShowroomTest" time="0.0"/>
  <testcase name="search_byMakeAndModelReturnsExactMatch" classname="com.showroom.ShowroomTest" time="0.0"/>
  <testcase name="constructor_throwsOnBlankName" classname="com.showroom.ShowroomTest" time="0.0"/>
  <testcase name="getAllCars_returnsAllCars" classname="com.showroom.ShowroomTest" time="0.001"/>
  <testcase name="getAllCars_isUnmodifiable" classname="com.showroom.ShowroomTest" time="0.0"/>
  <testcase name="removeCar_returnsTrueAndReducesSize" classname="com.showroom.ShowroomTest" time="0.0"/>
  <testcase name="removeCar_returnsFalseForNonexistentId" classname="com.showroom.ShowroomTest" time="0.0"/>
  <testcase name="findById_returnsCarWhenPresent" classname="com.showroom.ShowroomTest" time="0.0"/>
  <testcase name="findById_returnsEmptyForMissingId" classname="com.showroom.ShowroomTest" time="0.0"/>
  <testcase name="constructor_setsName" classname="com.showroom.ShowroomTest" time="0.0"/>
  <testcase name="search_isCaseInsensitive" classname="com.showroom.ShowroomTest" time="0.0"/>
  <testcase name="filterByPrice_throwsWhenMinExceedsMax" classname="com.showroom.ShowroomTest" time="0.0"/>
  <testcase name="addCar_increasesInventorySize" classname="com.showroom.ShowroomTest" time="0.0"/>
  <testcase name="search_noMatchReturnsEmptyList" classname="com.showroom.ShowroomTest" time="0.0"/>
  <testcase name="sellCar_returnsFalseForAlreadySoldCar" classname="com.showroom.ShowroomTest" time="0.001"/>
  <testcase name="availableCount_decreasesAfterSale" classname="com.showroom.ShowroomTest" time="0.001"/>
</testsuite>